G:\fyh\our-card-system\CardEngine\CPUUserCard\Debug\cl.command.1.tlog
G:\fyh\our-card-system\CardEngine\CPUUserCard\Debug\CL.read.1.tlog
G:\fyh\our-card-system\CardEngine\CPUUserCard\Debug\CL.write.1.tlog
G:\FYH\OUR-CARD-SYSTEM\CARDENGINE\CPUUSERCARD\DEBUG\CPUUSERCARD.DLL.EMBED.MANIFEST
G:\FYH\OUR-CARD-SYSTEM\CARDENGINE\CPUUSERCARD\DEBUG\CPUUSERCARD.DLL.EMBED.MANIFEST.RES
G:\FYH\OUR-CARD-SYSTEM\CARDENGINE\CPUUSERCARD\DEBUG\CPUUSERCARD.DLL.INTERMEDIATE.MANIFEST
G:\FYH\OUR-CARD-SYSTEM\CARDENGINE\CPUUSERCARD\DEBUG\CPUUSERCARD.OBJ
G:\fyh\our-card-system\CardEngine\CPUUserCard\Debug\CPUUserCard.vcxprojResolveAssemblyReference.cache
G:\fyh\our-card-system\CardEngine\CPUUserCard\Debug\CPUUserCard.write.1.tlog
G:\fyh\our-card-system\CardEngine\CPUUserCard\Debug\CPUUserCard_manifest.rc
G:\fyh\our-card-system\CardEngine\CPUUserCard\Debug\link.2556.read.1.tlog
G:\fyh\our-card-system\CardEngine\CPUUserCard\Debug\link.2556.write.1.tlog
G:\fyh\our-card-system\CardEngine\CPUUserCard\Debug\link.2556-cvtres.read.1.tlog
G:\fyh\our-card-system\CardEngine\CPUUserCard\Debug\link.2556-cvtres.write.1.tlog
G:\fyh\our-card-system\CardEngine\CPUUserCard\Debug\link.command.1.tlog
G:\fyh\our-card-system\CardEngine\CPUUserCard\Debug\link.read.1.tlog
G:\fyh\our-card-system\CardEngine\CPUUserCard\Debug\link.write.1.tlog
G:\fyh\our-card-system\CardEngine\CPUUserCard\Debug\link-cvtres.read.1.tlog
G:\fyh\our-card-system\CardEngine\CPUUserCard\Debug\link-cvtres.write.1.tlog
G:\fyh\our-card-system\CardEngine\CPUUserCard\Debug\mt.command.1.tlog
G:\fyh\our-card-system\CardEngine\CPUUserCard\Debug\mt.read.1.tlog
G:\fyh\our-card-system\CardEngine\CPUUserCard\Debug\mt.write.1.tlog
G:\fyh\our-card-system\CardEngine\CPUUserCard\Debug\rc.command.1.tlog
G:\fyh\our-card-system\CardEngine\CPUUserCard\Debug\rc.read.1.tlog
G:\fyh\our-card-system\CardEngine\CPUUserCard\Debug\rc.write.1.tlog
G:\fyh\our-card-system\CardEngine\CPUUserCard\Debug\vc100.idb
G:\FYH\OUR-CARD-SYSTEM\CARDENGINE\CPUUSERCARD\DEBUG\VC100.PDB
G:\FYH\OUR-CARD-SYSTEM\CARDENGINE\DEBUG\CPUUSERCARD.DLL
G:\fyh\our-card-system\CardEngine\Debug\CPUUserCard.exp
G:\FYH\OUR-CARD-SYSTEM\CARDENGINE\DEBUG\CPUUSERCARD.ILK
G:\fyh\our-card-system\CardEngine\Debug\CPUUserCard.lib
G:\FYH\OUR-CARD-SYSTEM\CARDENGINE\DEBUG\CPUUSERCARD.PDB
