生成启动时间为 2014/4/24 10:20:16。
     1>项目“G:\fyh\our-card-system\CardEngine\CPUUserCard\CPUUserCard.vcxproj”在节点 2 上(rebuild 个目标)。
     1>_PrepareForClean:
         正在删除文件“Debug\CPUUserCard.lastbuildstate”。
       InitializeBuildStatus:
         正在创建“Debug\CPUUserCard.unsuccessfulbuild”，因为已指定“AlwaysCreate”。
       ClCompile:
         C:\Program Files (x86)\Microsoft Visual Studio 10.0\VC\bin\CL.exe /c /ZI /nologo /W3 /WX- /Od /Oy- /D WIN32 /D _DEBUG /D _WINDOWS /D _USRDLL /D CPUUSERCARD_EXPORTS /D _WINDLL /D _UNICODE /D UNICODE /Gm /EHsc /RTC1 /MDd /GS /fp:precise /Zc:wchar_t /Zc:forScope /Fo"Debug\\" /Fd"Debug\vc100.pdb" /Gd /TP /analyze- /errorReport:prompt CPUUserCard.cpp
         CPUUserCard.cpp
     1>g:\fyh\our-card-system\cardengine\cpuusercard\cpuusercard.cpp(570): warning C4018: '<' : signed/unsigned mismatch
     1>g:\fyh\our-card-system\cardengine\cpuusercard\cpuusercard.cpp(737): warning C4101: 'encryptedMacData' : unreferenced local variable
       ManifestResourceCompile:
         C:\Program Files (x86)\Microsoft SDKs\Windows\v7.0A\bin\rc.exe /nologo /fo"Debug\CPUUserCard.dll.embed.manifest.res" Debug\CPUUserCard_manifest.rc 
       Link:
         C:\Program Files (x86)\Microsoft Visual Studio 10.0\VC\bin\link.exe /ERRORREPORT:PROMPT /OUT:"G:\fyh\our-card-system\CardEngine\Debug\CPUUserCard.dll" /INCREMENTAL /NOLOGO /LIBPATH:../Debug Commons.lib kernel32.lib user32.lib gdi32.lib winspool.lib comdlg32.lib advapi32.lib shell32.lib ole32.lib oleaut32.lib uuid.lib odbc32.lib odbccp32.lib /MANIFEST /ManifestFile:"Debug\CPUUserCard.dll.intermediate.manifest" /MANIFESTUAC:"level='asInvoker' uiAccess='false'" /DEBUG /PDB:"G:\fyh\our-card-system\CardEngine\Debug\CPUUserCard.pdb" /SUBSYSTEM:WINDOWS /TLBID:1 /DYNAMICBASE /NXCOMPAT /IMPLIB:"G:\fyh\our-card-system\CardEngine\Debug\CPUUserCard.lib" /MACHINE:X86 /DLL Debug\CPUUserCard.dll.embed.manifest.res
         Debug\CPUUserCard.obj
            正在创建库 G:\fyh\our-card-system\CardEngine\Debug\CPUUserCard.lib 和对象 G:\fyh\our-card-system\CardEngine\Debug\CPUUserCard.exp
       Manifest:
         正在删除文件“Debug\CPUUserCard.dll.embed.manifest”。
         C:\Program Files (x86)\Microsoft SDKs\Windows\v7.0A\bin\mt.exe /nologo /verbose /out:"Debug\CPUUserCard.dll.embed.manifest" /manifest Debug\CPUUserCard.dll.intermediate.manifest
         C:\Program Files (x86)\Microsoft SDKs\Windows\v7.0A\bin\rc.exe /nologo /fo"Debug\CPUUserCard.dll.embed.manifest.res" Debug\CPUUserCard_manifest.rc 
       LinkEmbedManifest:
         C:\Program Files (x86)\Microsoft Visual Studio 10.0\VC\bin\link.exe /ERRORREPORT:PROMPT /OUT:"G:\fyh\our-card-system\CardEngine\Debug\CPUUserCard.dll" /INCREMENTAL /NOLOGO /LIBPATH:../Debug Commons.lib kernel32.lib user32.lib gdi32.lib winspool.lib comdlg32.lib advapi32.lib shell32.lib ole32.lib oleaut32.lib uuid.lib odbc32.lib odbccp32.lib /MANIFEST /ManifestFile:"Debug\CPUUserCard.dll.intermediate.manifest" /MANIFESTUAC:"level='asInvoker' uiAccess='false'" /DEBUG /PDB:"G:\fyh\our-card-system\CardEngine\Debug\CPUUserCard.pdb" /SUBSYSTEM:WINDOWS /TLBID:1 /DYNAMICBASE /NXCOMPAT /IMPLIB:"G:\fyh\our-card-system\CardEngine\Debug\CPUUserCard.lib" /MACHINE:X86 /DLL Debug\CPUUserCard.dll.embed.manifest.res
         Debug\CPUUserCard.obj
            正在创建库 G:\fyh\our-card-system\CardEngine\Debug\CPUUserCard.lib 和对象 G:\fyh\our-card-system\CardEngine\Debug\CPUUserCard.exp
         CPUUserCard.vcxproj -> G:\fyh\our-card-system\CardEngine\Debug\CPUUserCard.dll
       FinalizeBuildStatus:
         正在删除文件“Debug\CPUUserCard.unsuccessfulbuild”。
         正在对“Debug\CPUUserCard.lastbuildstate”执行 Touch 任务。
     1>已完成生成项目“G:\fyh\our-card-system\CardEngine\CPUUserCard\CPUUserCard.vcxproj”(rebuild 个目标)的操作。

生成成功。

已用时间 00:00:07.12
