G:\FYH\OUR-CARD-SYSTEM\CARDENGINE\DEBUG\DECARD.DLL
G:\fyh\our-card-system\CardEngine\Debug\Decard.exp
G:\FYH\OUR-CARD-SYSTEM\CARDENGINE\DEBUG\DECARD.ILK
G:\fyh\our-card-system\CardEngine\Debug\Decard.lib
G:\FYH\OUR-CARD-SYSTEM\CARDENGINE\DEBUG\DECARD.PDB
G:\fyh\our-card-system\CardEngine\Decard\Debug\cl.command.1.tlog
G:\fyh\our-card-system\CardEngine\Decard\Debug\CL.read.1.tlog
G:\fyh\our-card-system\CardEngine\Decard\Debug\CL.write.1.tlog
G:\FYH\OUR-CARD-SYSTEM\CARDENGINE\DECARD\DEBUG\DECARD.DLL.EMBED.MANIFEST
G:\FYH\OUR-CARD-SYSTEM\CARDENGINE\DECARD\DEBUG\DECARD.DLL.EMBED.MANIFEST.RES
G:\FYH\OUR-CARD-SYSTEM\CARDENGINE\DECARD\DEBUG\DECARD.DLL.INTERMEDIATE.MANIFEST
G:\FYH\OUR-CARD-SYSTEM\CARDENGINE\DECARD\DEBUG\DECARD.OBJ
G:\fyh\our-card-system\CardEngine\Decard\Debug\Decard.write.1.tlog
G:\fyh\our-card-system\CardEngine\Decard\Debug\Decard_manifest.rc
G:\fyh\our-card-system\CardEngine\Decard\Debug\link.4348.read.1.tlog
G:\fyh\our-card-system\CardEngine\Decard\Debug\link.4348.write.1.tlog
G:\fyh\our-card-system\CardEngine\Decard\Debug\link.4348-cvtres.read.1.tlog
G:\fyh\our-card-system\CardEngine\Decard\Debug\link.4348-cvtres.write.1.tlog
G:\fyh\our-card-system\CardEngine\Decard\Debug\link.command.1.tlog
G:\fyh\our-card-system\CardEngine\Decard\Debug\link.read.1.tlog
G:\fyh\our-card-system\CardEngine\Decard\Debug\link.write.1.tlog
G:\fyh\our-card-system\CardEngine\Decard\Debug\link-cvtres.read.1.tlog
G:\fyh\our-card-system\CardEngine\Decard\Debug\link-cvtres.write.1.tlog
G:\fyh\our-card-system\CardEngine\Decard\Debug\mt.command.1.tlog
G:\fyh\our-card-system\CardEngine\Decard\Debug\mt.read.1.tlog
G:\fyh\our-card-system\CardEngine\Decard\Debug\mt.write.1.tlog
G:\fyh\our-card-system\CardEngine\Decard\Debug\rc.command.1.tlog
G:\fyh\our-card-system\CardEngine\Decard\Debug\rc.read.1.tlog
G:\fyh\our-card-system\CardEngine\Decard\Debug\rc.write.1.tlog
G:\fyh\our-card-system\CardEngine\Decard\Debug\vc100.idb
G:\FYH\OUR-CARD-SYSTEM\CARDENGINE\DECARD\DEBUG\VC100.PDB
