生成启动时间为 2014/4/24 10:20:16。
     1>项目“G:\fyh\our-card-system\CardEngine\Decard\Decard.vcxproj”在节点 3 上(rebuild 个目标)。
     1>_PrepareForClean:
         正在删除文件“Debug\Decard.lastbuildstate”。
       InitializeBuildStatus:
         正在创建“Debug\Decard.unsuccessfulbuild”，因为已指定“AlwaysCreate”。
       ClCompile:
         C:\Program Files (x86)\Microsoft Visual Studio 10.0\VC\bin\CL.exe /c /ZI /nologo /W3 /WX- /Od /Oy- /D WIN32 /D _DEBUG /D _WINDOWS /D _USRDLL /D DECARD_EXPORTS /D _WINDLL /D _UNICODE /D UNICODE /Gm /EHsc /RTC1 /MDd /GS /fp:precise /Zc:wchar_t /Zc:forScope /Fo"Debug\\" /Fd"Debug\vc100.pdb" /Gd /TP /analyze- /errorReport:prompt Decard.cpp
         Decard.cpp
       ManifestResourceCompile:
         C:\Program Files (x86)\Microsoft SDKs\Windows\v7.0A\bin\rc.exe /nologo /fo"Debug\Decard.dll.embed.manifest.res" Debug\Decard_manifest.rc 
       Link:
         C:\Program Files (x86)\Microsoft Visual Studio 10.0\VC\bin\link.exe /ERRORREPORT:PROMPT /OUT:"G:\fyh\our-card-system\CardEngine\Debug\Decard.dll" /INCREMENTAL /NOLOGO /LIBPATH:../ThirdParty/decard/lib dcrf32.lib kernel32.lib user32.lib gdi32.lib winspool.lib comdlg32.lib advapi32.lib shell32.lib ole32.lib oleaut32.lib uuid.lib odbc32.lib odbccp32.lib /MANIFEST /ManifestFile:"Debug\Decard.dll.intermediate.manifest" /MANIFESTUAC:"level='asInvoker' uiAccess='false'" /DEBUG /PDB:"G:\fyh\our-card-system\CardEngine\Debug\Decard.pdb" /SUBSYSTEM:WINDOWS /TLBID:1 /DYNAMICBASE /NXCOMPAT /IMPLIB:"G:\fyh\our-card-system\CardEngine\Debug\Decard.lib" /MACHINE:X86 /DLL Debug\Decard.dll.embed.manifest.res
         Debug\Decard.obj
            正在创建库 G:\fyh\our-card-system\CardEngine\Debug\Decard.lib 和对象 G:\fyh\our-card-system\CardEngine\Debug\Decard.exp
       Manifest:
         正在删除文件“Debug\Decard.dll.embed.manifest”。
         C:\Program Files (x86)\Microsoft SDKs\Windows\v7.0A\bin\mt.exe /nologo /verbose /out:"Debug\Decard.dll.embed.manifest" /manifest Debug\Decard.dll.intermediate.manifest
         C:\Program Files (x86)\Microsoft SDKs\Windows\v7.0A\bin\rc.exe /nologo /fo"Debug\Decard.dll.embed.manifest.res" Debug\Decard_manifest.rc 
       LinkEmbedManifest:
         C:\Program Files (x86)\Microsoft Visual Studio 10.0\VC\bin\link.exe /ERRORREPORT:PROMPT /OUT:"G:\fyh\our-card-system\CardEngine\Debug\Decard.dll" /INCREMENTAL /NOLOGO /LIBPATH:../ThirdParty/decard/lib dcrf32.lib kernel32.lib user32.lib gdi32.lib winspool.lib comdlg32.lib advapi32.lib shell32.lib ole32.lib oleaut32.lib uuid.lib odbc32.lib odbccp32.lib /MANIFEST /ManifestFile:"Debug\Decard.dll.intermediate.manifest" /MANIFESTUAC:"level='asInvoker' uiAccess='false'" /DEBUG /PDB:"G:\fyh\our-card-system\CardEngine\Debug\Decard.pdb" /SUBSYSTEM:WINDOWS /TLBID:1 /DYNAMICBASE /NXCOMPAT /IMPLIB:"G:\fyh\our-card-system\CardEngine\Debug\Decard.lib" /MACHINE:X86 /DLL Debug\Decard.dll.embed.manifest.res
         Debug\Decard.obj
            正在创建库 G:\fyh\our-card-system\CardEngine\Debug\Decard.lib 和对象 G:\fyh\our-card-system\CardEngine\Debug\Decard.exp
         Decard.vcxproj -> G:\fyh\our-card-system\CardEngine\Debug\Decard.dll
       PostBuildEvent:
         copy "..\ThirdParty\decard\lib\dcrf32.dll" "G:\fyh\our-card-system\CardEngine\Debug\"
         :VCEnd
         已复制         1 个文件。
       FinalizeBuildStatus:
         正在删除文件“Debug\Decard.unsuccessfulbuild”。
         正在对“Debug\Decard.lastbuildstate”执行 Touch 任务。
     1>已完成生成项目“G:\fyh\our-card-system\CardEngine\Decard\Decard.vcxproj”(rebuild 个目标)的操作。

生成成功。

已用时间 00:00:07.52
