G:\fyh\our-card-system\CardEngine\Commons\Debug\cl.command.1.tlog
G:\fyh\our-card-system\CardEngine\Commons\Debug\CL.read.1.tlog
G:\fyh\our-card-system\CardEngine\Commons\Debug\CL.write.1.tlog
G:\FYH\OUR-CARD-SYSTEM\CARDENGINE\COMMONS\DEBUG\COMMONS.DLL.EMBED.MANIFEST
G:\FYH\OUR-CARD-SYSTEM\CARDENGINE\COMMONS\DEBUG\COMMONS.DLL.EMBED.MANIFEST.RES
G:\FYH\OUR-CARD-SYSTEM\CARDENGINE\COMMONS\DEBUG\COMMONS.DLL.INTERMEDIATE.MANIFEST
G:\fyh\our-card-system\CardEngine\Commons\Debug\Commons.vcxprojResolveAssemblyReference.cache
G:\fyh\our-card-system\CardEngine\Commons\Debug\Commons.write.1.tlog
G:\fyh\our-card-system\CardEngine\Commons\Debug\Commons_manifest.rc
G:\FYH\OUR-CARD-SYSTEM\CARDENGINE\COMMONS\DEBUG\DES.OBJ
G:\FYH\OUR-CARD-SYSTEM\CARDENGINE\COMMONS\DEBUG\HEX.OBJ
G:\fyh\our-card-system\CardEngine\Commons\Debug\link.10952.read.1.tlog
G:\fyh\our-card-system\CardEngine\Commons\Debug\link.10952.write.1.tlog
G:\fyh\our-card-system\CardEngine\Commons\Debug\link.10952-cvtres.read.1.tlog
G:\fyh\our-card-system\CardEngine\Commons\Debug\link.10952-cvtres.write.1.tlog
G:\fyh\our-card-system\CardEngine\Commons\Debug\link.command.1.tlog
G:\fyh\our-card-system\CardEngine\Commons\Debug\link.read.1.tlog
G:\fyh\our-card-system\CardEngine\Commons\Debug\link.write.1.tlog
G:\fyh\our-card-system\CardEngine\Commons\Debug\link-cvtres.read.1.tlog
G:\fyh\our-card-system\CardEngine\Commons\Debug\link-cvtres.write.1.tlog
G:\FYH\OUR-CARD-SYSTEM\CARDENGINE\COMMONS\DEBUG\LOGGER.OBJ
G:\fyh\our-card-system\CardEngine\Commons\Debug\mt.command.1.tlog
G:\fyh\our-card-system\CardEngine\Commons\Debug\mt.read.1.tlog
G:\fyh\our-card-system\CardEngine\Commons\Debug\mt.write.1.tlog
G:\FYH\OUR-CARD-SYSTEM\CARDENGINE\COMMONS\DEBUG\PSAMCARD.OBJ
G:\fyh\our-card-system\CardEngine\Commons\Debug\rc.command.1.tlog
G:\fyh\our-card-system\CardEngine\Commons\Debug\rc.read.1.tlog
G:\fyh\our-card-system\CardEngine\Commons\Debug\rc.write.1.tlog
G:\FYH\OUR-CARD-SYSTEM\CARDENGINE\COMMONS\DEBUG\USERCARD.OBJ
G:\fyh\our-card-system\CardEngine\Commons\Debug\vc100.idb
G:\FYH\OUR-CARD-SYSTEM\CARDENGINE\COMMONS\DEBUG\VC100.PDB
G:\FYH\OUR-CARD-SYSTEM\CARDENGINE\DEBUG\COMMONS.DLL
G:\fyh\our-card-system\CardEngine\Debug\Commons.exp
G:\FYH\OUR-CARD-SYSTEM\CARDENGINE\DEBUG\COMMONS.ILK
G:\fyh\our-card-system\CardEngine\Debug\Commons.lib
G:\FYH\OUR-CARD-SYSTEM\CARDENGINE\DEBUG\COMMONS.PDB
