生成启动时间为 2014/4/24 10:20:24。
     1>项目“G:\fyh\our-card-system\CardEngine\CardEngine\CardEngine.vcxproj”在节点 4 上(rebuild 个目标)。
     1>_PrepareForClean:
         正在删除文件“Debug\CardEngine.lastbuildstate”。
       InitializeBuildStatus:
         正在创建“Debug\CardEngine.unsuccessfulbuild”，因为已指定“AlwaysCreate”。
       ClCompile:
         C:\Program Files (x86)\Microsoft Visual Studio 10.0\VC\bin\CL.exe /c /ZI /nologo /W3 /WX- /Od /Oy- /D WIN32 /D _DEBUG /D _WINDOWS /D _USRDLL /D CARDENGINE_EXPORTS /D _WINDLL /D _UNICODE /D UNICODE /Gm /EHsc /RTC1 /MDd /GS /fp:precise /Zc:wchar_t /Zc:forScope /Fo"Debug\\" /Fd"Debug\vc100.pdb" /Gd /TP /analyze- /errorReport:prompt AppContext.cpp CardEngine.cpp Config.cpp
         Config.cpp
         CardEngine.cpp
         AppContext.cpp
     1>g:\fyh\our-card-system\cardengine\cardengine\appcontext.cpp(71): warning C4101: 'e' : unreferenced local variable
         Generating Code...
       ManifestResourceCompile:
         C:\Program Files (x86)\Microsoft SDKs\Windows\v7.0A\bin\rc.exe /nologo /fo"Debug\CardEngine.dll.embed.manifest.res" Debug\CardEngine_manifest.rc 
       Link:
         C:\Program Files (x86)\Microsoft Visual Studio 10.0\VC\bin\link.exe /ERRORREPORT:PROMPT /OUT:"G:\fyh\our-card-system\CardEngine\Debug\CardEngine.dll" /INCREMENTAL /NOLOGO /LIBPATH:..\Debug Commons.lib kernel32.lib user32.lib gdi32.lib winspool.lib comdlg32.lib advapi32.lib shell32.lib ole32.lib oleaut32.lib uuid.lib odbc32.lib odbccp32.lib /MANIFEST /ManifestFile:"Debug\CardEngine.dll.intermediate.manifest" /MANIFESTUAC:"level='asInvoker' uiAccess='false'" /DEBUG /PDB:"G:\fyh\our-card-system\CardEngine\Debug\CardEngine.pdb" /SUBSYSTEM:WINDOWS /TLBID:1 /DYNAMICBASE /NXCOMPAT /IMPLIB:"G:\fyh\our-card-system\CardEngine\Debug\CardEngine.lib" /MACHINE:X86 /DLL Debug\CardEngine.dll.embed.manifest.res
         Debug\AppContext.obj
         Debug\CardEngine.obj
         Debug\Config.obj
            正在创建库 G:\fyh\our-card-system\CardEngine\Debug\CardEngine.lib 和对象 G:\fyh\our-card-system\CardEngine\Debug\CardEngine.exp
       Manifest:
         正在删除文件“Debug\CardEngine.dll.embed.manifest”。
         C:\Program Files (x86)\Microsoft SDKs\Windows\v7.0A\bin\mt.exe /nologo /verbose /out:"Debug\CardEngine.dll.embed.manifest" /manifest Debug\CardEngine.dll.intermediate.manifest
         C:\Program Files (x86)\Microsoft SDKs\Windows\v7.0A\bin\rc.exe /nologo /fo"Debug\CardEngine.dll.embed.manifest.res" Debug\CardEngine_manifest.rc 
       LinkEmbedManifest:
         C:\Program Files (x86)\Microsoft Visual Studio 10.0\VC\bin\link.exe /ERRORREPORT:PROMPT /OUT:"G:\fyh\our-card-system\CardEngine\Debug\CardEngine.dll" /INCREMENTAL /NOLOGO /LIBPATH:..\Debug Commons.lib kernel32.lib user32.lib gdi32.lib winspool.lib comdlg32.lib advapi32.lib shell32.lib ole32.lib oleaut32.lib uuid.lib odbc32.lib odbccp32.lib /MANIFEST /ManifestFile:"Debug\CardEngine.dll.intermediate.manifest" /MANIFESTUAC:"level='asInvoker' uiAccess='false'" /DEBUG /PDB:"G:\fyh\our-card-system\CardEngine\Debug\CardEngine.pdb" /SUBSYSTEM:WINDOWS /TLBID:1 /DYNAMICBASE /NXCOMPAT /IMPLIB:"G:\fyh\our-card-system\CardEngine\Debug\CardEngine.lib" /MACHINE:X86 /DLL Debug\CardEngine.dll.embed.manifest.res
         Debug\AppContext.obj
         Debug\CardEngine.obj
         Debug\Config.obj
            正在创建库 G:\fyh\our-card-system\CardEngine\Debug\CardEngine.lib 和对象 G:\fyh\our-card-system\CardEngine\Debug\CardEngine.exp
         CardEngine.vcxproj -> G:\fyh\our-card-system\CardEngine\Debug\CardEngine.dll
       PostBuildEvent:
         copy "..\ThirdParty\log4cplus\lib\log4cplusUD.dll" "G:\fyh\our-card-system\CardEngine\Debug\"
         copy "..\ThirdParty\cfg\log4cplus.properties" "G:\fyh\our-card-system\CardEngine\Debug\"
         copy "..\ThirdParty\cfg\RedCard.properties" "G:\fyh\our-card-system\CardEngine\Debug\"
         :VCEnd
         已复制         1 个文件。
         已复制         1 个文件。
         已复制         1 个文件。
       FinalizeBuildStatus:
         正在删除文件“Debug\CardEngine.unsuccessfulbuild”。
         正在对“Debug\CardEngine.lastbuildstate”执行 Touch 任务。
     1>已完成生成项目“G:\fyh\our-card-system\CardEngine\CardEngine\CardEngine.vcxproj”(rebuild 个目标)的操作。

生成成功。

已用时间 00:00:05.01
