G:\FYH\OUR-CARD-SYSTEM\CARDENGINE\CARDENGINE\DEBUG\APPCONTEXT.OBJ
G:\FYH\OUR-CARD-SYSTEM\CARDENGINE\CARDENGINE\DEBUG\CARDENGINE.DLL.EMBED.MANIFEST
G:\FYH\OUR-CARD-SYSTEM\CARDENGINE\CARDENGINE\DEBUG\CARDENGINE.DLL.EMBED.MANIFEST.RES
G:\FYH\OUR-CARD-SYSTEM\CARDENGINE\CARDENGINE\DEBUG\CARDENGINE.DLL.INTERMEDIATE.MANIFEST
G:\FYH\OUR-CARD-SYSTEM\CARDENGINE\CARDENGINE\DEBUG\CARDENGINE.OBJ
G:\fyh\our-card-system\CardEngine\CardEngine\Debug\CardEngine.write.1.tlog
G:\fyh\our-card-system\CardEngine\CardEngine\Debug\CardEngine_manifest.rc
G:\fyh\our-card-system\CardEngine\CardEngine\Debug\cl.command.1.tlog
G:\fyh\our-card-system\CardEngine\CardEngine\Debug\CL.read.1.tlog
G:\fyh\our-card-system\CardEngine\CardEngine\Debug\CL.write.1.tlog
G:\FYH\OUR-CARD-SYSTEM\CARDENGINE\CARDENGINE\DEBUG\CONFIG.OBJ
G:\fyh\our-card-system\CardEngine\CardEngine\Debug\link.10296.read.1.tlog
G:\fyh\our-card-system\CardEngine\CardEngine\Debug\link.10296.write.1.tlog
G:\fyh\our-card-system\CardEngine\CardEngine\Debug\link.10296-cvtres.read.1.tlog
G:\fyh\our-card-system\CardEngine\CardEngine\Debug\link.10296-cvtres.write.1.tlog
G:\fyh\our-card-system\CardEngine\CardEngine\Debug\link.command.1.tlog
G:\fyh\our-card-system\CardEngine\CardEngine\Debug\link.read.1.tlog
G:\fyh\our-card-system\CardEngine\CardEngine\Debug\link.write.1.tlog
G:\fyh\our-card-system\CardEngine\CardEngine\Debug\link-cvtres.read.1.tlog
G:\fyh\our-card-system\CardEngine\CardEngine\Debug\link-cvtres.write.1.tlog
G:\fyh\our-card-system\CardEngine\CardEngine\Debug\mt.command.1.tlog
G:\fyh\our-card-system\CardEngine\CardEngine\Debug\mt.read.1.tlog
G:\fyh\our-card-system\CardEngine\CardEngine\Debug\mt.write.1.tlog
G:\fyh\our-card-system\CardEngine\CardEngine\Debug\rc.command.1.tlog
G:\fyh\our-card-system\CardEngine\CardEngine\Debug\rc.read.1.tlog
G:\fyh\our-card-system\CardEngine\CardEngine\Debug\rc.write.1.tlog
G:\fyh\our-card-system\CardEngine\CardEngine\Debug\vc100.idb
G:\FYH\OUR-CARD-SYSTEM\CARDENGINE\CARDENGINE\DEBUG\VC100.PDB
G:\FYH\OUR-CARD-SYSTEM\CARDENGINE\DEBUG\CARDENGINE.DLL
G:\fyh\our-card-system\CardEngine\Debug\CardEngine.exp
G:\FYH\OUR-CARD-SYSTEM\CARDENGINE\DEBUG\CARDENGINE.ILK
G:\fyh\our-card-system\CardEngine\Debug\CardEngine.lib
G:\FYH\OUR-CARD-SYSTEM\CARDENGINE\DEBUG\CARDENGINE.PDB
