G:\FYH\OUR-CARD-SYSTEM\CARDENGINE\DEBUG\PSAMCARD.DLL
G:\fyh\our-card-system\CardEngine\Debug\PsamCard.exp
G:\FYH\OUR-CARD-SYSTEM\CARDENGINE\DEBUG\PSAMCARD.ILK
G:\fyh\our-card-system\CardEngine\Debug\PsamCard.lib
G:\FYH\OUR-CARD-SYSTEM\CARDENGINE\DEBUG\PSAMCARD.PDB
G:\fyh\our-card-system\CardEngine\PsamCard\Debug\cl.command.1.tlog
G:\fyh\our-card-system\CardEngine\PsamCard\Debug\CL.read.1.tlog
G:\fyh\our-card-system\CardEngine\PsamCard\Debug\CL.write.1.tlog
G:\FYH\OUR-CARD-SYSTEM\CARDENGINE\PSAMCARD\DEBUG\COMMONPSAMCARD.OBJ
G:\fyh\our-card-system\CardEngine\PsamCard\Debug\link.8340.read.1.tlog
G:\fyh\our-card-system\CardEngine\PsamCard\Debug\link.8340.write.1.tlog
G:\fyh\our-card-system\CardEngine\PsamCard\Debug\link.8340-cvtres.read.1.tlog
G:\fyh\our-card-system\CardEngine\PsamCard\Debug\link.8340-cvtres.write.1.tlog
G:\fyh\our-card-system\CardEngine\PsamCard\Debug\link.command.1.tlog
G:\fyh\our-card-system\CardEngine\PsamCard\Debug\link.read.1.tlog
G:\fyh\our-card-system\CardEngine\PsamCard\Debug\link.write.1.tlog
G:\fyh\our-card-system\CardEngine\PsamCard\Debug\link-cvtres.read.1.tlog
G:\fyh\our-card-system\CardEngine\PsamCard\Debug\link-cvtres.write.1.tlog
G:\fyh\our-card-system\CardEngine\PsamCard\Debug\mt.command.1.tlog
G:\fyh\our-card-system\CardEngine\PsamCard\Debug\mt.read.1.tlog
G:\fyh\our-card-system\CardEngine\PsamCard\Debug\mt.write.1.tlog
G:\FYH\OUR-CARD-SYSTEM\CARDENGINE\PSAMCARD\DEBUG\PSAMCARD.DLL.EMBED.MANIFEST
G:\FYH\OUR-CARD-SYSTEM\CARDENGINE\PSAMCARD\DEBUG\PSAMCARD.DLL.EMBED.MANIFEST.RES
G:\FYH\OUR-CARD-SYSTEM\CARDENGINE\PSAMCARD\DEBUG\PSAMCARD.DLL.INTERMEDIATE.MANIFEST
G:\fyh\our-card-system\CardEngine\PsamCard\Debug\PsamCard.vcxprojResolveAssemblyReference.cache
G:\fyh\our-card-system\CardEngine\PsamCard\Debug\PsamCard.write.1.tlog
G:\fyh\our-card-system\CardEngine\PsamCard\Debug\PsamCard_manifest.rc
G:\fyh\our-card-system\CardEngine\PsamCard\Debug\rc.command.1.tlog
G:\fyh\our-card-system\CardEngine\PsamCard\Debug\rc.read.1.tlog
G:\fyh\our-card-system\CardEngine\PsamCard\Debug\rc.write.1.tlog
G:\fyh\our-card-system\CardEngine\PsamCard\Debug\vc100.idb
G:\FYH\OUR-CARD-SYSTEM\CARDENGINE\PSAMCARD\DEBUG\VC100.PDB
